# JRE version: OpenJDK Runtime Environment GraalVM CE 22.3.0 (17.0.5+8) (build 17.0.5+8-jvmci-22.3-b08)
# Java VM: OpenJDK 64-Bit Server VM GraalVM CE 22.3.0 (17.0.5+8-jvmci-22.3-b08, mixed mode, sharing, tiered, jvmci, jvmci compiler, compressed oops, compressed class ptrs, parallel gc, linux-amd64)
GC Precious Log:
 CPUs: 8 total, 1 available
 Memory: 1024M
 Large Page Support: Disabled
 NUMA Support: Disabled
 Compressed Oops: Enabled (32-bit)
 Alignments: Space 512K, Generation 512K, Heap 2M
 Heap Min Capacity: 100M
 Heap Initial Capacity: 100M
 Heap Max Capacity: 512M
 Pre-touch: Disabled
 Parallel Workers: 1
Heap:
 PSYoungGen      total 35840K, used 26623K [0x00000000f5580000, 0x00000000f8280000, 0x0000000100000000)
  eden space 26624K, 99% used [0x00000000f5580000,0x00000000f6f7ffa8,0x00000000f6f80000)
  from space 9216K, 0% used [0x00000000f6f80000,0x00000000f6f80000,0x00000000f7880000)
  to   space 9216K, 0% used [0x00000000f7880000,0x00000000f7880000,0x00000000f8180000)
 ParOldGen       total 349696K, used 349695K [0x00000000e0000000, 0x00000000f5580000, 0x00000000f5580000)
  object space 349696K, 99% used [0x00000000e0000000,0x00000000f557ffa8,0x00000000f5580000)
 Metaspace       used 53540K, committed 54656K, reserved 1105920K
  class space    used 5349K, committed 5824K, reserved 1048576K
GC Heap History (20 events):
Event: 545.116 GC heap before
{Heap before GC invocations=434 (full 343):
 PSYoungGen      total 35840K, used 26624K [0x00000000f5580000, 0x00000000f8280000, 0x0000000100000000)
  eden space 26624K, 100% used [0x00000000f5580000,0x00000000f6f80000,0x00000000f6f80000)
  from space 9216K, 0% used [0x00000000f6f80000,0x00000000f6f80000,0x00000000f7880000)
  to   space 9216K, 0% used [0x00000000f7880000,0x00000000f7880000,0x00000000f8180000)
 ParOldGen       total 349696K, used 349695K [0x00000000e0000000, 0x00000000f5580000, 0x00000000f5580000)
  object space 349696K, 99% used [0x00000000e0000000,0x00000000f557fff8,0x00000000f5580000)
 Metaspace       used 53540K, committed 54656K, reserved 1105920K
  class space    used 5349K, committed 5824K, reserved 1048576K
}
Event: 546.512 GC heap after
{Heap after GC invocations=434 (full 343):
 PSYoungGen      total 35840K, used 26623K [0x00000000f5580000, 0x00000000f8280000, 0x0000000100000000)
  eden space 26624K, 99% used [0x00000000f5580000,0x00000000f6f7fe68,0x00000000f6f80000)
  from space 9216K, 0% used [0x00000000f7880000,0x00000000f7880000,0x00000000f8180000)
  to   space 9216K, 0% used [0x00000000f6f80000,0x00000000f6f80000,0x00000000f7880000)
 ParOldGen       total 349696K, used 349695K [0x00000000e0000000, 0x00000000f5580000, 0x00000000f5580000)
  object space 349696K, 99% used [0x00000000e0000000,0x00000000f557ff10,0x00000000f5580000)
 Metaspace       used 53540K, committed 54656K, reserved 1105920K
  class space    used 5349K, committed 5824K, reserved 1048576K
}
Event: 546.514 GC heap before
{Heap before GC invocations=435 (full 344):
 PSYoungGen      total 35840K, used 26624K [0x00000000f5580000, 0x00000000f8280000, 0x0000000100000000)
  eden space 26624K, 100% used [0x00000000f5580000,0x00000000f6f80000,0x00000000f6f80000)
  from space 9216K, 0% used [0x00000000f7880000,0x00000000f7880000,0x00000000f8180000)
  to   space 9216K, 0% used [0x00000000f6f80000,0x00000000f6f80000,0x00000000f7880000)
 ParOldGen       total 349696K, used 349695K [0x00000000e0000000, 0x00000000f5580000, 0x00000000f5580000)
  object space 349696K, 99% used [0x00000000e0000000,0x00000000f557ff10,0x00000000f5580000)
 Metaspace       used 53540K, committed 54656K, reserved 1105920K
  class space    used 5349K, committed 5824K, reserved 1048576K
}
Event: 547.907 GC heap after
{Heap after GC invocations=435 (full 344):
 PSYoungGen      total 35840K, used 26623K [0x00000000f5580000, 0x00000000f8280000, 0x0000000100000000)
  eden space 26624K, 99% used [0x00000000f5580000,0x00000000f6f7fea0,0x00000000f6f80000)
  from space 9216K, 0% used [0x00000000f6f80000,0x00000000f6f80000,0x00000000f7880000)
  to   space 9216K, 0% used [0x00000000f7880000,0x00000000f7880000,0x00000000f8180000)
 ParOldGen       total 349696K, used 349695K [0x00000000e0000000, 0x00000000f5580000, 0x00000000f5580000)
  object space 349696K, 99% used [0x00000000e0000000,0x00000000f557ff10,0x00000000f5580000)
 Metaspace       used 53540K, committed 54656K, reserved 1105920K
  class space    used 5349K, committed 5824K, reserved 1048576K
}
Event: 547.907 GC heap before
{Heap before GC invocations=436 (full 345):
 PSYoungGen      total 35840K, used 26624K [0x00000000f5580000, 0x00000000f8280000, 0x0000000100000000)
  eden space 26624K, 100% used [0x00000000f5580000,0x00000000f6f80000,0x00000000f6f80000)
  from space 9216K, 0% used [0x00000000f6f80000,0x00000000f6f80000,0x00000000f7880000)
  to   space 9216K, 0% used [0x00000000f7880000,0x00000000f7880000,0x00000000f8180000)
 ParOldGen       total 349696K, used 349695K [0x00000000e0000000, 0x00000000f5580000, 0x00000000f5580000)
  object space 349696K, 99% used [0x00000000e0000000,0x00000000f557ff10,0x00000000f5580000)
 Metaspace       used 53540K, committed 54656K, reserved 1105920K
  class space    used 5349K, committed 5824K, reserved 1048576K
}
Event: 549.097 GC heap after
{Heap after GC invocations=436 (full 345):
 PSYoungGen      total 35840K, used 26623K [0x00000000f5580000, 0x00000000f8280000, 0x0000000100000000)
  eden space 26624K, 99% used [0x00000000f5580000,0x00000000f6f7ff30,0x00000000f6f80000)
  from space 9216K, 0% used [0x00000000f7880000,0x00000000f7880000,0x00000000f8180000)
  to   space 9216K, 0% used [0x00000000f6f80000,0x00000000f6f80000,0x00000000f7880000)
 ParOldGen       total 349696K, used 349695K [0x00000000e0000000, 0x00000000f5580000, 0x00000000f5580000)
  object space 349696K, 99% used [0x00000000e0000000,0x00000000f557ff10,0x00000000f5580000)
 Metaspace       used 53540K, committed 54656K, reserved 1105920K
  class space    used 5349K, committed 5824K, reserved 1048576K
}
Event: 549.098 GC heap before
{Heap before GC invocations=437 (full 346):
 PSYoungGen      total 35840K, used 26624K [0x00000000f5580000, 0x00000000f8280000, 0x0000000100000000)
  eden space 26624K, 100% used [0x00000000f5580000,0x00000000f6f80000,0x00000000f6f80000)
  from space 9216K, 0% used [0x00000000f7880000,0x00000000f7880000,0x00000000f8180000)
  to   space 9216K, 0% used [0x00000000f6f80000,0x00000000f6f80000,0x00000000f7880000)
 ParOldGen       total 349696K, used 349695K [0x00000000e0000000, 0x00000000f5580000, 0x00000000f5580000)
  object space 349696K, 99% used [0x00000000e0000000,0x00000000f557ff10,0x00000000f5580000)
 Metaspace       used 53540K, committed 54656K, reserved 1105920K
  class space    used 5349K, committed 5824K, reserved 1048576K
}
Event: 550.484 GC heap after
{Heap after GC invocations=437 (full 346):
 PSYoungGen      total 35840K, used 26623K [0x00000000f5580000, 0x00000000f8280000, 0x0000000100000000)
  eden space 26624K, 99% used [0x00000000f5580000,0x00000000f6f7ff30,0x00000000f6f80000)
  from space 9216K, 0% used [0x00000000f6f80000,0x00000000f6f80000,0x00000000f7880000)
  to   space 9216K, 0% used [0x00000000f7880000,0x00000000f7880000,0x00000000f8180000)
 ParOldGen       total 349696K, used 349695K [0x00000000e0000000, 0x00000000f5580000, 0x00000000f5580000)
  object space 349696K, 99% used [0x00000000e0000000,0x00000000f557ff10,0x00000000f5580000)
 Metaspace       used 53540K, committed 54656K, reserved 1105920K
  class space    used 5349K, committed 5824K, reserved 1048576K
}
Event: 550.485 GC heap before
{Heap before GC invocations=438 (full 347):
 PSYoungGen      total 35840K, used 26624K [0x00000000f5580000, 0x00000000f8280000, 0x0000000100000000)
  eden space 26624K, 100% used [0x00000000f5580000,0x00000000f6f80000,0x00000000f6f80000)
  from space 9216K, 0% used [0x00000000f6f80000,0x00000000f6f80000,0x00000000f7880000)
  to   space 9216K, 0% used [0x00000000f7880000,0x00000000f7880000,0x00000000f8180000)
 ParOldGen       total 349696K, used 349695K [0x00000000e0000000, 0x00000000f5580000, 0x00000000f5580000)
  object space 349696K, 99% used [0x00000000e0000000,0x00000000f557ff10,0x00000000f5580000)
 Metaspace       used 53540K, committed 54656K, reserved 1105920K
  class space    used 5349K, committed 5824K, reserved 1048576K
}
Event: 551.961 GC heap after
{Heap after GC invocations=438 (full 347):
 PSYoungGen      total 35840K, used 26623K [0x00000000f5580000, 0x00000000f8280000, 0x0000000100000000)
  eden space 26624K, 99% used [0x00000000f5580000,0x00000000f6f7ff80,0x00000000f6f80000)
  from space 9216K, 0% used [0x00000000f7880000,0x00000000f7880000,0x00000000f8180000)
  to   space 9216K, 0% used [0x00000000f6f80000,0x00000000f6f80000,0x00000000f7880000)
 ParOldGen       total 349696K, used 349695K [0x00000000e0000000, 0x00000000f5580000, 0x00000000f5580000)
  object space 349696K, 99% used [0x00000000e0000000,0x00000000f557ff10,0x00000000f5580000)
 Metaspace       used 53540K, committed 54656K, reserved 1105920K
  class space    used 5349K, committed 5824K, reserved 1048576K
}
Event: 551.961 GC heap before
{Heap before GC invocations=439 (full 348):
 PSYoungGen      total 35840K, used 26623K [0x00000000f5580000, 0x00000000f8280000, 0x0000000100000000)
  eden space 26624K, 99% used [0x00000000f5580000,0x00000000f6f7fff8,0x00000000f6f80000)
  from space 9216K, 0% used [0x00000000f7880000,0x00000000f7880000,0x00000000f8180000)
  to   space 9216K, 0% used [0x00000000f6f80000,0x00000000f6f80000,0x00000000f7880000)
 ParOldGen       total 349696K, used 349695K [0x00000000e0000000, 0x00000000f5580000, 0x00000000f5580000)
  object space 349696K, 99% used [0x00000000e0000000,0x00000000f557ff10,0x00000000f5580000)
 Metaspace       used 53540K, committed 54656K, reserved 1105920K
  class space    used 5349K, committed 5824K, reserved 1048576K
}
Event: 553.225 GC heap after
{Heap after GC invocations=439 (full 348):
 PSYoungGen      total 35840K, used 26623K [0x00000000f5580000, 0x00000000f8280000, 0x0000000100000000)
  eden space 26624K, 99% used [0x00000000f5580000,0x00000000f6f7fff8,0x00000000f6f80000)
  from space 9216K, 0% used [0x00000000f6f80000,0x00000000f6f80000,0x00000000f7880000)
  to   space 9216K, 0% used [0x00000000f7880000,0x00000000f7880000,0x00000000f8180000)
 ParOldGen       total 349696K, used 349695K [0x00000000e0000000, 0x00000000f5580000, 0x00000000f5580000)
  object space 349696K, 99% used [0x00000000e0000000,0x00000000f557ff10,0x00000000f5580000)
 Metaspace       used 53540K, committed 54656K, reserved 1105920K
  class space    used 5349K, committed 5824K, reserved 1048576K
}
Event: 553.226 GC heap before
{Heap before GC invocations=440 (full 349):
 PSYoungGen      total 35840K, used 26623K [0x00000000f5580000, 0x00000000f8280000, 0x0000000100000000)
  eden space 26624K, 99% used [0x00000000f5580000,0x00000000f6f7fff8,0x00000000f6f80000)
  from space 9216K, 0% used [0x00000000f6f80000,0x00000000f6f80000,0x00000000f7880000)
  to   space 9216K, 0% used [0x00000000f7880000,0x00000000f7880000,0x00000000f8180000)
 ParOldGen       total 349696K, used 349695K [0x00000000e0000000, 0x00000000f5580000, 0x00000000f5580000)
  object space 349696K, 99% used [0x00000000e0000000,0x00000000f557ffd8,0x00000000f5580000)
 Metaspace       used 53540K, committed 54656K, reserved 1105920K
  class space    used 5349K, committed 5824K, reserved 1048576K
}
Event: 554.621 GC heap after
{Heap after GC invocations=440 (full 349):
 PSYoungGen      total 35840K, used 26623K [0x00000000f5580000, 0x00000000f8280000, 0x0000000100000000)
  eden space 26624K, 99% used [0x00000000f5580000,0x00000000f6f7fff8,0x00000000f6f80000)
  from space 9216K, 0% used [0x00000000f7880000,0x00000000f7880000,0x00000000f8180000)
  to   space 9216K, 0% used [0x00000000f6f80000,0x00000000f6f80000,0x00000000f7880000)
 ParOldGen       total 349696K, used 349695K [0x00000000e0000000, 0x00000000f5580000, 0x00000000f5580000)
  object space 349696K, 99% used [0x00000000e0000000,0x00000000f557ffd8,0x00000000f5580000)
 Metaspace       used 53540K, committed 54656K, reserved 1105920K
  class space    used 5349K, committed 5824K, reserved 1048576K
}
Event: 554.621 GC heap before
{Heap before GC invocations=441 (full 350):
 PSYoungGen      total 35840K, used 26623K [0x00000000f5580000, 0x00000000f8280000, 0x0000000100000000)
  eden space 26624K, 99% used [0x00000000f5580000,0x00000000f6f7fff8,0x00000000f6f80000)
  from space 9216K, 0% used [0x00000000f7880000,0x00000000f7880000,0x00000000f8180000)
  to   space 9216K, 0% used [0x00000000f6f80000,0x00000000f6f80000,0x00000000f7880000)
 ParOldGen       total 349696K, used 349695K [0x00000000e0000000, 0x00000000f5580000, 0x00000000f5580000)
  object space 349696K, 99% used [0x00000000e0000000,0x00000000f557ffd8,0x00000000f5580000)
 Metaspace       used 53540K, committed 54656K, reserved 1105920K
  class space    used 5349K, committed 5824K, reserved 1048576K
}
Event: 556.000 GC heap after
{Heap after GC invocations=441 (full 350):
 PSYoungGen      total 35840K, used 26623K [0x00000000f5580000, 0x00000000f8280000, 0x0000000100000000)
  eden space 26624K, 99% used [0x00000000f5580000,0x00000000f6f7fff8,0x00000000f6f80000)
  from space 9216K, 0% used [0x00000000f6f80000,0x00000000f6f80000,0x00000000f7880000)
  to   space 9216K, 0% used [0x00000000f7880000,0x00000000f7880000,0x00000000f8180000)
 ParOldGen       total 349696K, used 349695K [0x00000000e0000000, 0x00000000f5580000, 0x00000000f5580000)
  object space 349696K, 99% used [0x00000000e0000000,0x00000000f557ffd8,0x00000000f5580000)
 Metaspace       used 53540K, committed 54656K, reserved 1105920K
  class space    used 5349K, committed 5824K, reserved 1048576K
}
Event: 556.001 GC heap before
{Heap before GC invocations=442 (full 351):
 PSYoungGen      total 35840K, used 26623K [0x00000000f5580000, 0x00000000f8280000, 0x0000000100000000)
  eden space 26624K, 99% used [0x00000000f5580000,0x00000000f6f7fff8,0x00000000f6f80000)
  from space 9216K, 0% used [0x00000000f6f80000,0x00000000f6f80000,0x00000000f7880000)
  to   space 9216K, 0% used [0x00000000f7880000,0x00000000f7880000,0x00000000f8180000)
 ParOldGen       total 349696K, used 349695K [0x00000000e0000000, 0x00000000f5580000, 0x00000000f5580000)
  object space 349696K, 99% used [0x00000000e0000000,0x00000000f557ffd8,0x00000000f5580000)
 Metaspace       used 53540K, committed 54656K, reserved 1105920K
  class space    used 5349K, committed 5824K, reserved 1048576K
}
Event: 557.508 GC heap after
{Heap after GC invocations=442 (full 351):
 PSYoungGen      total 35840K, used 26623K [0x00000000f5580000, 0x00000000f8280000, 0x0000000100000000)
  eden space 26624K, 99% used [0x00000000f5580000,0x00000000f6f7ffa0,0x00000000f6f80000)
  from space 9216K, 0% used [0x00000000f7880000,0x00000000f7880000,0x00000000f8180000)
  to   space 9216K, 0% used [0x00000000f6f80000,0x00000000f6f80000,0x00000000f7880000)
 ParOldGen       total 349696K, used 349694K [0x00000000e0000000, 0x00000000f5580000, 0x00000000f5580000)
  object space 349696K, 99% used [0x00000000e0000000,0x00000000f557fa38,0x00000000f5580000)
 Metaspace       used 53540K, committed 54656K, reserved 1105920K
  class space    used 5349K, committed 5824K, reserved 1048576K
}
Event: 557.509 GC heap before
{Heap before GC invocations=443 (full 352):
 PSYoungGen      total 35840K, used 26624K [0x00000000f5580000, 0x00000000f8280000, 0x0000000100000000)
  eden space 26624K, 100% used [0x00000000f5580000,0x00000000f6f80000,0x00000000f6f80000)
  from space 9216K, 0% used [0x00000000f7880000,0x00000000f7880000,0x00000000f8180000)
  to   space 9216K, 0% used [0x00000000f6f80000,0x00000000f6f80000,0x00000000f7880000)
 ParOldGen       total 349696K, used 349695K [0x00000000e0000000, 0x00000000f5580000, 0x00000000f5580000)
  object space 349696K, 99% used [0x00000000e0000000,0x00000000f557ffd8,0x00000000f5580000)
 Metaspace       used 53540K, committed 54656K, reserved 1105920K
  class space    used 5349K, committed 5824K, reserved 1048576K
}
Event: 558.990 GC heap after
{Heap after GC invocations=443 (full 352):
 PSYoungGen      total 35840K, used 26623K [0x00000000f5580000, 0x00000000f8280000, 0x0000000100000000)
  eden space 26624K, 99% used [0x00000000f5580000,0x00000000f6f7fee0,0x00000000f6f80000)
  from space 9216K, 0% used [0x00000000f6f80000,0x00000000f6f80000,0x00000000f7880000)
  to   space 9216K, 0% used [0x00000000f7880000,0x00000000f7880000,0x00000000f8180000)
 ParOldGen       total 349696K, used 349695K [0x00000000e0000000, 0x00000000f5580000, 0x00000000f5580000)
  object space 349696K, 99% used [0x00000000e0000000,0x00000000f557ffa8,0x00000000f5580000)
 Metaspace       used 53540K, committed 54656K, reserved 1105920K
  class space    used 5349K, committed 5824K, reserved 1048576K
}

